\BOOKMARK [0][-]{chapter*.2}{AGRADECIMIENTOS}{}% 1
\BOOKMARK [0][-]{toc.0}{\315NDICE DE CONTENIDOS}{}% 2
\BOOKMARK [0][-]{section*.3}{\315NDICE DE FIGURAS}{}% 3
\BOOKMARK [0][-]{section*.4}{\315NDICE DE TABLAS}{}% 4
\BOOKMARK [0][-]{chapter*.6}{ABSTRACT}{}% 5
\BOOKMARK [0][-]{chapter*.8}{RESUMEN}{}% 6
\BOOKMARK [0][-]{chapter.1}{1. Cap\355tulo 01}{}% 7
\BOOKMARK [1][-]{section.1.1}{1.1. Motivaci\363n }{chapter.1}% 8
\BOOKMARK [1][-]{section.1.2}{1.2. Contexto }{chapter.1}% 9
\BOOKMARK [2][-]{subsection.1.2.1}{1.2.1. Estructura Interna de la Pontificia Universidad Cat\363lica de Chile }{section.1.2}% 10
\BOOKMARK [2][-]{subsection.1.2.2}{1.2.2. Cursos }{section.1.2}% 11
\BOOKMARK [2][-]{subsection.1.2.3}{1.2.3. Sistema de Cr\351ditos Acad\351micos Transferibles }{section.1.2}% 12
\BOOKMARK [2][-]{subsection.1.2.4}{1.2.4. Estructura del Plan de Estudios de Ingenier\355a UC }{section.1.2}% 13
\BOOKMARK [1][-]{section.1.3}{1.3. Desaf\355os de informaci\363n identificados }{chapter.1}% 14
\BOOKMARK [0][-]{chapter.2}{2. Cap\355tulo 02 : Marco Te\363rico}{}% 15
\BOOKMARK [1][-]{section.2.1}{2.1. Introducci\363n }{chapter.2}% 16
\BOOKMARK [1][-]{section.2.2}{2.2. Ingenier\355a de Software }{chapter.2}% 17
\BOOKMARK [2][-]{subsection.2.2.1}{2.2.1. Modelos y Ciclos de Vida del Desarrollo de Software }{section.2.2}% 18
\BOOKMARK [2][-]{subsection.2.2.2}{2.2.2. Metodolog\355as de Desarrollo de Software }{section.2.2}% 19
\BOOKMARK [2][-]{subsection.2.2.3}{2.2.3. Levantamiento de Requerimientos }{section.2.2}% 20
\BOOKMARK [2][-]{subsection.2.2.4}{2.2.4. Metodolog\355a y t\351cnicas usadas en este trabajo }{section.2.2}% 21
\BOOKMARK [1][-]{section.2.3}{2.3. Descubrimiento de Conocimiento \(Knowledge Discovery\) }{chapter.2}% 22
\BOOKMARK [2][-]{subsection.2.3.1}{2.3.1. Categor\355as, metodolog\355as y modelos }{section.2.3}% 23
\BOOKMARK [2][-]{subsection.2.3.2}{2.3.2. Metodolog\355as y modelos usadas en este trabajo }{section.2.3}% 24
\BOOKMARK [0][-]{chapter.3}{3. Cap\355tulo 03}{}% 25
\BOOKMARK [1][-]{section.3.1}{3.1. Figures and Tables }{chapter.3}% 26
\BOOKMARK [1][-]{section.3.2}{3.2. Equations }{chapter.3}% 27
\BOOKMARK [0][-]{chapter.4}{4. CONCLUSIONS}{}% 28
\BOOKMARK [0][-]{chapter*.11}{REFERENCES}{}% 29
\BOOKMARK [0][-]{appendix*.12}{ANEXO}{}% 30
\BOOKMARK [1][-]{section.Alph0.1}{A. Glosario}{appendix*.12}% 31
\BOOKMARK [1][-]{section.Alph0.2}{B. An Interesting Short Story}{appendix*.12}% 32
