This is pdfTeX, Version 3.14159265-2.6-1.40.18 (TeX Live 2017) (preloaded format=pdflatex 2017.5.23)  1 AUG 2017 21:07
entering extended mode
 restricted \write18 enabled.
 file:line:error style messages enabled.
 %&-line parsing enabled.
**Thesis.tex
(./Thesis.tex
LaTeX2e <2017-04-15>
Babel <3.10> and hyphenation patterns for 84 language(s) loaded.
(./pucthesis.cls
Document Class: pucthesis 2014/10/31 PUC thesis
(/usr/local/texlive/2017/texmf-dist/tex/latex/amscls/amsbook.cls
Document Class: amsbook 2015/03/04 v2.20.2
\linespacing=\dimen102
\normalparindent=\dimen103
\normaltopskip=\skip41
(/usr/local/texlive/2017/texmf-dist/tex/latex/amsmath/amsmath.sty
Package: amsmath 2016/11/05 v2.16a AMS math features
\@mathmargin=\skip42

For additional information on amsmath, use the `?' option.
(/usr/local/texlive/2017/texmf-dist/tex/latex/amsmath/amstext.sty
Package: amstext 2000/06/29 v2.01 AMS text

(/usr/local/texlive/2017/texmf-dist/tex/latex/amsmath/amsgen.sty
File: amsgen.sty 1999/11/30 v2.0 generic functions
\@emptytoks=\toks14
\ex@=\dimen104
))
(/usr/local/texlive/2017/texmf-dist/tex/latex/amsmath/amsbsy.sty
Package: amsbsy 1999/11/29 v1.2d Bold Symbols
\pmbraise@=\dimen105
)
(/usr/local/texlive/2017/texmf-dist/tex/latex/amsmath/amsopn.sty
Package: amsopn 2016/03/08 v2.02 operator names
)
\inf@bad=\count79
LaTeX Info: Redefining \frac on input line 213.
\uproot@=\count80
\leftroot@=\count81
LaTeX Info: Redefining \overline on input line 375.
\classnum@=\count82
\DOTSCASE@=\count83
LaTeX Info: Redefining \ldots on input line 472.
LaTeX Info: Redefining \dots on input line 475.
LaTeX Info: Redefining \cdots on input line 596.
\Mathstrutbox@=\box26
\strutbox@=\box27
\big@size=\dimen106
LaTeX Font Info:    Redeclaring font encoding OML on input line 712.
LaTeX Font Info:    Redeclaring font encoding OMS on input line 713.
\macc@depth=\count84
\c@MaxMatrixCols=\count85
\dotsspace@=\muskip10
\c@parentequation=\count86
\dspbrk@lvl=\count87
\tag@help=\toks15
\row@=\count88
\column@=\count89
\maxfields@=\count90
\andhelp@=\toks16
\eqnshift@=\dimen107
\alignsep@=\dimen108
\tagshift@=\dimen109
\tagwidth@=\dimen110
\totwidth@=\dimen111
\lineht@=\dimen112
\@envbody=\toks17
\multlinegap=\skip43
\multlinetaggap=\skip44
\mathdisplay@stack=\toks18
LaTeX Info: Redefining \[ on input line 2817.
LaTeX Info: Redefining \] on input line 2818.
)
LaTeX Font Info:    Try loading font information for U+msa on input line 367.

(/usr/local/texlive/2017/texmf-dist/tex/latex/amsfonts/umsa.fd
File: umsa.fd 2013/01/14 v3.01 AMS symbols A
)
(/usr/local/texlive/2017/texmf-dist/tex/latex/amsfonts/amsfonts.sty
Package: amsfonts 2013/01/14 v3.01 Basic AMSFonts support
\symAMSa=\mathgroup4
\symAMSb=\mathgroup5
LaTeX Font Info:    Overwriting math alphabet `\mathfrak' in version `bold'
(Font)                  U/euf/m/n --> U/euf/b/n on input line 106.
)
\copyins=\insert199
\abstractbox=\box28
\listisep=\skip45
\c@part=\count91
\c@chapter=\count92
\c@section=\count93
\c@subsection=\count94
\c@subsubsection=\count95
\c@paragraph=\count96
\c@subparagraph=\count97
\c@figure=\count98
\c@table=\count99
\abovecaptionskip=\skip46
\belowcaptionskip=\skip47
\captionindent=\dimen113
\thm@style=\toks19
\thm@bodyfont=\toks20
\thm@headfont=\toks21
\thm@notefont=\toks22
\thm@headpunct=\toks23
\thm@preskip=\skip48
\thm@postskip=\skip49
\thm@headsep=\skip50
\dth@everypar=\toks24
)
\beftitle=\skip51
\afttitle=\skip52

(/usr/local/texlive/2017/texmf-dist/tex/latex/caption/caption.sty
Package: caption 2016/02/21 v3.3-144 Customizing captions (AR)

(/usr/local/texlive/2017/texmf-dist/tex/latex/caption/caption3.sty
Package: caption3 2016/05/22 v1.7-166 caption3 kernel (AR)
Package caption3 Info: TeX engine: e-TeX on input line 67.

(/usr/local/texlive/2017/texmf-dist/tex/latex/graphics/keyval.sty
Package: keyval 2014/10/28 v1.15 key=value parser (DPC)
\KV@toks@=\toks25
)
\captionmargin=\dimen114
\captionmargin@=\dimen115
\captionwidth=\dimen116
\caption@tempdima=\dimen117
\caption@indent=\dimen118
\caption@parindent=\dimen119
\caption@hangindent=\dimen120
)
Package caption Info: AMS or SMF document class.
\c@ContinuedFloat=\count100
)
(/usr/local/texlive/2017/texmf-dist/tex/latex/setspace/setspace.sty
Package: setspace 2011/12/19 v6.7a set line spacing
)
(/usr/local/texlive/2017/texmf-dist/tex/latex/fancyhdr/fancyhdr.sty
Package: fancyhdr 2016/09/06 3.8 Extensive control of page headers and footers
\fancy@headwidth=\skip53
\f@ncyO@elh=\skip54
\f@ncyO@erh=\skip55
\f@ncyO@olh=\skip56
\f@ncyO@orh=\skip57
\f@ncyO@elf=\skip58
\f@ncyO@erf=\skip59
\f@ncyO@olf=\skip60
\f@ncyO@orf=\skip61
)
\auxdist=\skip62
\checkbox=\box29
)
(/usr/local/texlive/2017/texmf-dist/tex/latex/graphics/graphicx.sty
Package: graphicx 2014/10/28 v1.0g Enhanced LaTeX Graphics (DPC,SPQR)

(/usr/local/texlive/2017/texmf-dist/tex/latex/graphics/graphics.sty
Package: graphics 2017/04/14 v1.1b Standard LaTeX Graphics (DPC,SPQR)

(/usr/local/texlive/2017/texmf-dist/tex/latex/graphics/trig.sty
Package: trig 2016/01/03 v1.10 sin cos tan (DPC)
)
(/usr/local/texlive/2017/texmf-dist/tex/latex/graphics-cfg/graphics.cfg
File: graphics.cfg 2016/06/04 v1.11 sample graphics configuration
)
Package graphics Info: Driver file: pdftex.def on input line 99.

(/usr/local/texlive/2017/texmf-dist/tex/latex/graphics-def/pdftex.def
File: pdftex.def 2017/01/12 v0.06k Graphics/color for pdfTeX

(/usr/local/texlive/2017/texmf-dist/tex/generic/oberdiek/infwarerr.sty
Package: infwarerr 2016/05/16 v1.4 Providing info/warning/error messages (HO)
)
(/usr/local/texlive/2017/texmf-dist/tex/generic/oberdiek/ltxcmds.sty
Package: ltxcmds 2016/05/16 v1.23 LaTeX kernel commands for general use (HO)
)
\Gread@gobject=\count101
))
\Gin@req@height=\dimen121
\Gin@req@width=\dimen122
)
(/usr/local/texlive/2017/texmf-dist/tex/latex/float/float.sty
Package: float 2001/11/08 v1.3d Float enhancements (AL)
\c@float@type=\count102
\float@exts=\toks26
\float@box=\box30
\@float@everytoks=\toks27
\@floatcapt=\box31
)
\@float@every@figure=\toks28

(/usr/local/texlive/2017/texmf-dist/tex/latex/subfigure/subfigure.sty
Package: subfigure 2002/03/15 v2.1.5 subfigure package
\subfigtopskip=\skip63
\subfigcapskip=\skip64
\subfigcaptopadj=\dimen123
\subfigbottomskip=\skip65
\subfigcapmargin=\dimen124
\subfiglabelskip=\skip66
\c@subfigure=\count103
\c@lofdepth=\count104
\c@subtable=\count105
\c@lotdepth=\count106

****************************************
* Local config file subfigure.cfg used *
****************************************
(/usr/local/texlive/2017/texmf-dist/tex/latex/subfigure/subfigure.cfg)
\subfig@top=\skip67
\subfig@bottom=\skip68
)
(/usr/local/texlive/2017/texmf-dist/tex/latex/graphics/color.sty
Package: color 2016/07/10 v1.1e Standard LaTeX Color (DPC)

(/usr/local/texlive/2017/texmf-dist/tex/latex/graphics-cfg/color.cfg
File: color.cfg 2016/01/02 v1.6 sample color configuration
)
Package color Info: Driver file: pdftex.def on input line 147.
)
(/usr/local/texlive/2017/texmf-dist/tex/latex/base/inputenc.sty
Package: inputenc 2015/03/17 v1.2c Input encoding file
\inpenc@prehook=\toks29
\inpenc@posthook=\toks30

(/usr/local/texlive/2017/texmf-dist/tex/latex/base/utf8.def
File: utf8.def 2017/01/28 v1.1t UTF-8 support for inputenc
Now handling font encoding OML ...
... no UTF-8 mapping file for font encoding OML
Now handling font encoding T1 ...
... processing UTF-8 mapping file for font encoding T1

(/usr/local/texlive/2017/texmf-dist/tex/latex/base/t1enc.dfu
File: t1enc.dfu 2017/01/28 v1.1t UTF-8 support for inputenc
   defining Unicode char U+00A0 (decimal 160)
   defining Unicode char U+00A1 (decimal 161)
   defining Unicode char U+00A3 (decimal 163)
   defining Unicode char U+00AB (decimal 171)
   defining Unicode char U+00AD (decimal 173)
   defining Unicode char U+00BB (decimal 187)
   defining Unicode char U+00BF (decimal 191)
   defining Unicode char U+00C0 (decimal 192)
   defining Unicode char U+00C1 (decimal 193)
   defining Unicode char U+00C2 (decimal 194)
   defining Unicode char U+00C3 (decimal 195)
   defining Unicode char U+00C4 (decimal 196)
   defining Unicode char U+00C5 (decimal 197)
   defining Unicode char U+00C6 (decimal 198)
   defining Unicode char U+00C7 (decimal 199)
   defining Unicode char U+00C8 (decimal 200)
   defining Unicode char U+00C9 (decimal 201)
   defining Unicode char U+00CA (decimal 202)
   defining Unicode char U+00CB (decimal 203)
   defining Unicode char U+00CC (decimal 204)
   defining Unicode char U+00CD (decimal 205)
   defining Unicode char U+00CE (decimal 206)
   defining Unicode char U+00CF (decimal 207)
   defining Unicode char U+00D0 (decimal 208)
   defining Unicode char U+00D1 (decimal 209)
   defining Unicode char U+00D2 (decimal 210)
   defining Unicode char U+00D3 (decimal 211)
   defining Unicode char U+00D4 (decimal 212)
   defining Unicode char U+00D5 (decimal 213)
   defining Unicode char U+00D6 (decimal 214)
   defining Unicode char U+00D8 (decimal 216)
   defining Unicode char U+00D9 (decimal 217)
   defining Unicode char U+00DA (decimal 218)
   defining Unicode char U+00DB (decimal 219)
   defining Unicode char U+00DC (decimal 220)
   defining Unicode char U+00DD (decimal 221)
   defining Unicode char U+00DE (decimal 222)
   defining Unicode char U+00DF (decimal 223)
   defining Unicode char U+00E0 (decimal 224)
   defining Unicode char U+00E1 (decimal 225)
   defining Unicode char U+00E2 (decimal 226)
   defining Unicode char U+00E3 (decimal 227)
   defining Unicode char U+00E4 (decimal 228)
   defining Unicode char U+00E5 (decimal 229)
   defining Unicode char U+00E6 (decimal 230)
   defining Unicode char U+00E7 (decimal 231)
   defining Unicode char U+00E8 (decimal 232)
   defining Unicode char U+00E9 (decimal 233)
   defining Unicode char U+00EA (decimal 234)
   defining Unicode char U+00EB (decimal 235)
   defining Unicode char U+00EC (decimal 236)
   defining Unicode char U+00ED (decimal 237)
   defining Unicode char U+00EE (decimal 238)
   defining Unicode char U+00EF (decimal 239)
   defining Unicode char U+00F0 (decimal 240)
   defining Unicode char U+00F1 (decimal 241)
   defining Unicode char U+00F2 (decimal 242)
   defining Unicode char U+00F3 (decimal 243)
   defining Unicode char U+00F4 (decimal 244)
   defining Unicode char U+00F5 (decimal 245)
   defining Unicode char U+00F6 (decimal 246)
   defining Unicode char U+00F8 (decimal 248)
   defining Unicode char U+00F9 (decimal 249)
   defining Unicode char U+00FA (decimal 250)
   defining Unicode char U+00FB (decimal 251)
   defining Unicode char U+00FC (decimal 252)
   defining Unicode char U+00FD (decimal 253)
   defining Unicode char U+00FE (decimal 254)
   defining Unicode char U+00FF (decimal 255)
   defining Unicode char U+0100 (decimal 256)
   defining Unicode char U+0101 (decimal 257)
   defining Unicode char U+0102 (decimal 258)
   defining Unicode char U+0103 (decimal 259)
   defining Unicode char U+0104 (decimal 260)
   defining Unicode char U+0105 (decimal 261)
   defining Unicode char U+0106 (decimal 262)
   defining Unicode char U+0107 (decimal 263)
   defining Unicode char U+0108 (decimal 264)
   defining Unicode char U+0109 (decimal 265)
   defining Unicode char U+010A (decimal 266)
   defining Unicode char U+010B (decimal 267)
   defining Unicode char U+010C (decimal 268)
   defining Unicode char U+010D (decimal 269)
   defining Unicode char U+010E (decimal 270)
   defining Unicode char U+010F (decimal 271)
   defining Unicode char U+0110 (decimal 272)
   defining Unicode char U+0111 (decimal 273)
   defining Unicode char U+0112 (decimal 274)
   defining Unicode char U+0113 (decimal 275)
   defining Unicode char U+0114 (decimal 276)
   defining Unicode char U+0115 (decimal 277)
   defining Unicode char U+0116 (decimal 278)
   defining Unicode char U+0117 (decimal 279)
   defining Unicode char U+0118 (decimal 280)
   defining Unicode char U+0119 (decimal 281)
   defining Unicode char U+011A (decimal 282)
   defining Unicode char U+011B (decimal 283)
   defining Unicode char U+011C (decimal 284)
   defining Unicode char U+011D (decimal 285)
   defining Unicode char U+011E (decimal 286)
   defining Unicode char U+011F (decimal 287)
   defining Unicode char U+0120 (decimal 288)
   defining Unicode char U+0121 (decimal 289)
   defining Unicode char U+0122 (decimal 290)
   defining Unicode char U+0123 (decimal 291)
   defining Unicode char U+0124 (decimal 292)
   defining Unicode char U+0125 (decimal 293)
   defining Unicode char U+0128 (decimal 296)
   defining Unicode char U+0129 (decimal 297)
   defining Unicode char U+012A (decimal 298)
   defining Unicode char U+012B (decimal 299)
   defining Unicode char U+012C (decimal 300)
   defining Unicode char U+012D (decimal 301)
   defining Unicode char U+012E (decimal 302)
   defining Unicode char U+012F (decimal 303)
   defining Unicode char U+0130 (decimal 304)
   defining Unicode char U+0131 (decimal 305)
   defining Unicode char U+0132 (decimal 306)
   defining Unicode char U+0133 (decimal 307)
   defining Unicode char U+0134 (decimal 308)
   defining Unicode char U+0135 (decimal 309)
   defining Unicode char U+0136 (decimal 310)
   defining Unicode char U+0137 (decimal 311)
   defining Unicode char U+0139 (decimal 313)
   defining Unicode char U+013A (decimal 314)
   defining Unicode char U+013B (decimal 315)
   defining Unicode char U+013C (decimal 316)
   defining Unicode char U+013D (decimal 317)
   defining Unicode char U+013E (decimal 318)
   defining Unicode char U+0141 (decimal 321)
   defining Unicode char U+0142 (decimal 322)
   defining Unicode char U+0143 (decimal 323)
   defining Unicode char U+0144 (decimal 324)
   defining Unicode char U+0145 (decimal 325)
   defining Unicode char U+0146 (decimal 326)
   defining Unicode char U+0147 (decimal 327)
   defining Unicode char U+0148 (decimal 328)
   defining Unicode char U+014A (decimal 330)
   defining Unicode char U+014B (decimal 331)
   defining Unicode char U+014C (decimal 332)
   defining Unicode char U+014D (decimal 333)
   defining Unicode char U+014E (decimal 334)
   defining Unicode char U+014F (decimal 335)
   defining Unicode char U+0150 (decimal 336)
   defining Unicode char U+0151 (decimal 337)
   defining Unicode char U+0152 (decimal 338)
   defining Unicode char U+0153 (decimal 339)
   defining Unicode char U+0154 (decimal 340)
   defining Unicode char U+0155 (decimal 341)
   defining Unicode char U+0156 (decimal 342)
   defining Unicode char U+0157 (decimal 343)
   defining Unicode char U+0158 (decimal 344)
   defining Unicode char U+0159 (decimal 345)
   defining Unicode char U+015A (decimal 346)
   defining Unicode char U+015B (decimal 347)
   defining Unicode char U+015C (decimal 348)
   defining Unicode char U+015D (decimal 349)
   defining Unicode char U+015E (decimal 350)
   defining Unicode char U+015F (decimal 351)
   defining Unicode char U+0160 (decimal 352)
   defining Unicode char U+0161 (decimal 353)
   defining Unicode char U+0162 (decimal 354)
   defining Unicode char U+0163 (decimal 355)
   defining Unicode char U+0164 (decimal 356)
   defining Unicode char U+0165 (decimal 357)
   defining Unicode char U+0168 (decimal 360)
   defining Unicode char U+0169 (decimal 361)
   defining Unicode char U+016A (decimal 362)
   defining Unicode char U+016B (decimal 363)
   defining Unicode char U+016C (decimal 364)
   defining Unicode char U+016D (decimal 365)
   defining Unicode char U+016E (decimal 366)
   defining Unicode char U+016F (decimal 367)
   defining Unicode char U+0170 (decimal 368)
   defining Unicode char U+0171 (decimal 369)
   defining Unicode char U+0172 (decimal 370)
   defining Unicode char U+0173 (decimal 371)
   defining Unicode char U+0174 (decimal 372)
   defining Unicode char U+0175 (decimal 373)
   defining Unicode char U+0176 (decimal 374)
   defining Unicode char U+0177 (decimal 375)
   defining Unicode char U+0178 (decimal 376)
   defining Unicode char U+0179 (decimal 377)
   defining Unicode char U+017A (decimal 378)
   defining Unicode char U+017B (decimal 379)
   defining Unicode char U+017C (decimal 380)
   defining Unicode char U+017D (decimal 381)
   defining Unicode char U+017E (decimal 382)
   defining Unicode char U+01CD (decimal 461)
   defining Unicode char U+01CE (decimal 462)
   defining Unicode char U+01CF (decimal 463)
   defining Unicode char U+01D0 (decimal 464)
   defining Unicode char U+01D1 (decimal 465)
   defining Unicode char U+01D2 (decimal 466)
   defining Unicode char U+01D3 (decimal 467)
   defining Unicode char U+01D4 (decimal 468)
   defining Unicode char U+01E2 (decimal 482)
   defining Unicode char U+01E3 (decimal 483)
   defining Unicode char U+01E6 (decimal 486)
   defining Unicode char U+01E7 (decimal 487)
   defining Unicode char U+01E8 (decimal 488)
   defining Unicode char U+01E9 (decimal 489)
   defining Unicode char U+01EA (decimal 490)
   defining Unicode char U+01EB (decimal 491)
   defining Unicode char U+01F0 (decimal 496)
   defining Unicode char U+01F4 (decimal 500)
   defining Unicode char U+01F5 (decimal 501)
   defining Unicode char U+0218 (decimal 536)
   defining Unicode char U+0219 (decimal 537)
   defining Unicode char U+021A (decimal 538)
   defining Unicode char U+021B (decimal 539)
   defining Unicode char U+0232 (decimal 562)
   defining Unicode char U+0233 (decimal 563)
   defining Unicode char U+1E02 (decimal 7682)
   defining Unicode char U+1E03 (decimal 7683)
   defining Unicode char U+200C (decimal 8204)
   defining Unicode char U+2010 (decimal 8208)
   defining Unicode char U+2011 (decimal 8209)
   defining Unicode char U+2012 (decimal 8210)
   defining Unicode char U+2013 (decimal 8211)
   defining Unicode char U+2014 (decimal 8212)
   defining Unicode char U+2015 (decimal 8213)
   defining Unicode char U+2018 (decimal 8216)
   defining Unicode char U+2019 (decimal 8217)
   defining Unicode char U+201A (decimal 8218)
   defining Unicode char U+201C (decimal 8220)
   defining Unicode char U+201D (decimal 8221)
   defining Unicode char U+201E (decimal 8222)
   defining Unicode char U+2030 (decimal 8240)
   defining Unicode char U+2031 (decimal 8241)
   defining Unicode char U+2039 (decimal 8249)
   defining Unicode char U+203A (decimal 8250)
   defining Unicode char U+2423 (decimal 9251)
   defining Unicode char U+1E20 (decimal 7712)
   defining Unicode char U+1E21 (decimal 7713)
)
Now handling font encoding OT1 ...
... processing UTF-8 mapping file for font encoding OT1

(/usr/local/texlive/2017/texmf-dist/tex/latex/base/ot1enc.dfu
File: ot1enc.dfu 2017/01/28 v1.1t UTF-8 support for inputenc
   defining Unicode char U+00A0 (decimal 160)
   defining Unicode char U+00A1 (decimal 161)
   defining Unicode char U+00A3 (decimal 163)
   defining Unicode char U+00AD (decimal 173)
   defining Unicode char U+00B8 (decimal 184)
   defining Unicode char U+00BF (decimal 191)
   defining Unicode char U+00C5 (decimal 197)
   defining Unicode char U+00C6 (decimal 198)
   defining Unicode char U+00D8 (decimal 216)
   defining Unicode char U+00DF (decimal 223)
   defining Unicode char U+00E6 (decimal 230)
   defining Unicode char U+00EC (decimal 236)
   defining Unicode char U+00ED (decimal 237)
   defining Unicode char U+00EE (decimal 238)
   defining Unicode char U+00EF (decimal 239)
   defining Unicode char U+00F8 (decimal 248)
   defining Unicode char U+0131 (decimal 305)
   defining Unicode char U+0141 (decimal 321)
   defining Unicode char U+0142 (decimal 322)
   defining Unicode char U+0152 (decimal 338)
   defining Unicode char U+0153 (decimal 339)
   defining Unicode char U+0174 (decimal 372)
   defining Unicode char U+0175 (decimal 373)
   defining Unicode char U+0176 (decimal 374)
   defining Unicode char U+0177 (decimal 375)
   defining Unicode char U+0218 (decimal 536)
   defining Unicode char U+0219 (decimal 537)
   defining Unicode char U+021A (decimal 538)
   defining Unicode char U+021B (decimal 539)
   defining Unicode char U+2013 (decimal 8211)
   defining Unicode char U+2014 (decimal 8212)
   defining Unicode char U+2018 (decimal 8216)
   defining Unicode char U+2019 (decimal 8217)
   defining Unicode char U+201C (decimal 8220)
   defining Unicode char U+201D (decimal 8221)
)
Now handling font encoding OMS ...
... processing UTF-8 mapping file for font encoding OMS

(/usr/local/texlive/2017/texmf-dist/tex/latex/base/omsenc.dfu
File: omsenc.dfu 2017/01/28 v1.1t UTF-8 support for inputenc
   defining Unicode char U+00A7 (decimal 167)
   defining Unicode char U+00B6 (decimal 182)
   defining Unicode char U+00B7 (decimal 183)
   defining Unicode char U+2020 (decimal 8224)
   defining Unicode char U+2021 (decimal 8225)
   defining Unicode char U+2022 (decimal 8226)
)
Now handling font encoding OMX ...
... no UTF-8 mapping file for font encoding OMX
Now handling font encoding U ...
... no UTF-8 mapping file for font encoding U
   defining Unicode char U+00A9 (decimal 169)
   defining Unicode char U+00AA (decimal 170)
   defining Unicode char U+00AE (decimal 174)
   defining Unicode char U+00BA (decimal 186)
   defining Unicode char U+02C6 (decimal 710)
   defining Unicode char U+02DC (decimal 732)
   defining Unicode char U+200C (decimal 8204)
   defining Unicode char U+2026 (decimal 8230)
   defining Unicode char U+2122 (decimal 8482)
   defining Unicode char U+2423 (decimal 9251)
))
(/usr/local/texlive/2017/texmf-dist/tex/latex/base/fontenc.sty
Package: fontenc 2017/04/05 v2.0i Standard LaTeX package

(/usr/local/texlive/2017/texmf-dist/tex/latex/base/t1enc.def
File: t1enc.def 2017/04/05 v2.0i Standard LaTeX file
LaTeX Font Info:    Redeclaring font encoding T1 on input line 48.
))
(/usr/local/texlive/2017/texmf-dist/tex/latex/amsfonts/amssymb.sty
Package: amssymb 2013/01/14 v3.01 AMS font symbols
)
(/usr/local/texlive/2017/texmf-dist/tex/latex/psnfss/times.sty
Package: times 2005/04/12 PSNFSS-v9.2a (SPQR) 
)
(/usr/local/texlive/2017/texmf-dist/tex/latex/booktabs/booktabs.sty
Package: booktabs 2016/04/27 v1.618033 publication quality tables
\heavyrulewidth=\dimen125
\lightrulewidth=\dimen126
\cmidrulewidth=\dimen127
\belowrulesep=\dimen128
\belowbottomsep=\dimen129
\aboverulesep=\dimen130
\abovetopsep=\dimen131
\cmidrulesep=\dimen132
\cmidrulekern=\dimen133
\defaultaddspace=\dimen134
\@cmidla=\count107
\@cmidlb=\count108
\@aboverulesep=\dimen135
\@belowrulesep=\dimen136
\@thisruleclass=\count109
\@lastruleclass=\count110
\@thisrulewidth=\dimen137
)
(/usr/local/texlive/2017/texmf-dist/tex/latex/multirow/multirow.sty
Package: multirow 2016/11/25 v2.2 Span multiple rows of a table
\multirow@colwidth=\skip69
\multirow@cntb=\count111
\multirow@dima=\skip70
\bigstrutjot=\dimen138
)
(/usr/local/texlive/2017/texmf-dist/tex/latex/etoolbox/etoolbox.sty
Package: etoolbox 2017/01/02 v2.4 e-TeX tools for LaTeX (JAW)
\etb@tempcnta=\count112
)
(/usr/local/texlive/2017/texmf-dist/tex/latex/hyperref/hyperref.sty
Package: hyperref 2017/03/14 v6.85a Hypertext links for LaTeX

(/usr/local/texlive/2017/texmf-dist/tex/generic/oberdiek/hobsub-hyperref.sty
Package: hobsub-hyperref 2016/05/16 v1.14 Bundle oberdiek, subset hyperref (HO)


(/usr/local/texlive/2017/texmf-dist/tex/generic/oberdiek/hobsub-generic.sty
Package: hobsub-generic 2016/05/16 v1.14 Bundle oberdiek, subset generic (HO)
Package: hobsub 2016/05/16 v1.14 Construct package bundles (HO)
Package hobsub Info: Skipping package `infwarerr' (already loaded).
Package hobsub Info: Skipping package `ltxcmds' (already loaded).
Package: ifluatex 2016/05/16 v1.4 Provides the ifluatex switch (HO)
Package ifluatex Info: LuaTeX not detected.
Package: ifvtex 2016/05/16 v1.6 Detect VTeX and its facilities (HO)
Package ifvtex Info: VTeX not detected.
Package: intcalc 2016/05/16 v1.2 Expandable calculations with integers (HO)
Package: ifpdf 2017/03/15 v3.2 Provides the ifpdf switch
Package: etexcmds 2016/05/16 v1.6 Avoid name clashes with e-TeX commands (HO)
Package etexcmds Info: Could not find \expanded.
(etexcmds)             That can mean that you are not using pdfTeX 1.50 or
(etexcmds)             that some package has redefined \expanded.
(etexcmds)             In the latter case, load this package earlier.
Package: kvsetkeys 2016/05/16 v1.17 Key value parser (HO)
Package: kvdefinekeys 2016/05/16 v1.4 Define keys (HO)
Package: pdftexcmds 2017/03/19 v0.25 Utility functions of pdfTeX for LuaTeX (HO
)
Package pdftexcmds Info: LuaTeX not detected.
Package pdftexcmds Info: \pdf@primitive is available.
Package pdftexcmds Info: \pdf@ifprimitive is available.
Package pdftexcmds Info: \pdfdraftmode found.
Package: pdfescape 2016/05/16 v1.14 Implements pdfTeX's escape features (HO)
Package: bigintcalc 2016/05/16 v1.4 Expandable calculations on big integers (HO
)
Package: bitset 2016/05/16 v1.2 Handle bit-vector datatype (HO)
Package: uniquecounter 2016/05/16 v1.3 Provide unlimited unique counter (HO)
)
Package hobsub Info: Skipping package `hobsub' (already loaded).
Package: letltxmacro 2016/05/16 v1.5 Let assignment for LaTeX macros (HO)
Package: hopatch 2016/05/16 v1.3 Wrapper for package hooks (HO)
Package: xcolor-patch 2016/05/16 xcolor patch
Package: atveryend 2016/05/16 v1.9 Hooks at the very end of document (HO)
Package: atbegshi 2016/06/09 v1.18 At begin shipout hook (HO)
Package: refcount 2016/05/16 v3.5 Data extraction from label references (HO)
Package: hycolor 2016/05/16 v1.8 Color options for hyperref/bookmark (HO)
)
(/usr/local/texlive/2017/texmf-dist/tex/generic/ifxetex/ifxetex.sty
Package: ifxetex 2010/09/12 v0.6 Provides ifxetex conditional
)
(/usr/local/texlive/2017/texmf-dist/tex/latex/oberdiek/auxhook.sty
Package: auxhook 2016/05/16 v1.4 Hooks for auxiliary files (HO)
)
(/usr/local/texlive/2017/texmf-dist/tex/latex/oberdiek/kvoptions.sty
Package: kvoptions 2016/05/16 v3.12 Key value format for package options (HO)
)
\@linkdim=\dimen139
\Hy@linkcounter=\count113
\Hy@pagecounter=\count114

(/usr/local/texlive/2017/texmf-dist/tex/latex/hyperref/pd1enc.def
File: pd1enc.def 2017/03/14 v6.85a Hyperref: PDFDocEncoding definition (HO)
Now handling font encoding PD1 ...
... no UTF-8 mapping file for font encoding PD1
)
\Hy@SavedSpaceFactor=\count115

(/usr/local/texlive/2017/texmf-dist/tex/latex/latexconfig/hyperref.cfg
File: hyperref.cfg 2002/06/06 v1.2 hyperref configuration of TeXLive
)
Package hyperref Info: Option `pdfusetitle' set `true' on input line 4374.
Package hyperref Info: Option `pdfdisplaydoctitle' set `true' on input line 437
4.
Package hyperref Info: Hyper figures OFF on input line 4498.
Package hyperref Info: Link nesting OFF on input line 4503.
Package hyperref Info: Hyper index ON on input line 4506.
Package hyperref Info: Plain pages OFF on input line 4513.
Package hyperref Info: Backreferencing OFF on input line 4518.
Package hyperref Info: Implicit mode ON; LaTeX internals redefined.
Package hyperref Info: Bookmarks ON on input line 4751.
\c@Hy@tempcnt=\count116

(/usr/local/texlive/2017/texmf-dist/tex/latex/url/url.sty
\Urlmuskip=\muskip11
Package: url 2013/09/16  ver 3.4  Verb mode for urls, etc.
)
LaTeX Info: Redefining \url on input line 5104.
\XeTeXLinkMargin=\dimen140
\Fld@menulength=\count117
\Field@Width=\dimen141
\Fld@charsize=\dimen142
Package hyperref Info: Hyper figures OFF on input line 6358.
Package hyperref Info: Link nesting OFF on input line 6363.
Package hyperref Info: Hyper index ON on input line 6366.
Package hyperref Info: backreferencing OFF on input line 6373.
Package hyperref Info: Link coloring OFF on input line 6378.
Package hyperref Info: Link coloring with OCG OFF on input line 6383.
Package hyperref Info: PDF/A mode OFF on input line 6388.
LaTeX Info: Redefining \ref on input line 6428.
LaTeX Info: Redefining \pageref on input line 6432.
\Hy@abspage=\count118
\c@Item=\count119
\c@Hfootnote=\count120
)

Package hyperref Message: Driver: hpdftex.

(/usr/local/texlive/2017/texmf-dist/tex/latex/hyperref/hpdftex.def
File: hpdftex.def 2017/03/14 v6.85a Hyperref driver for pdfTeX
\Fld@listcount=\count121
\c@bookmark@seq@number=\count122

(/usr/local/texlive/2017/texmf-dist/tex/latex/oberdiek/rerunfilecheck.sty
Package: rerunfilecheck 2016/05/16 v1.8 Rerun checks for auxiliary files (HO)
Package uniquecounter Info: New unique counter `rerunfilecheck' on input line 2
82.
)
\Hy@SectionHShift=\skip71
)
(./apacite.sty
Package: apacite 2013/07/21 v6.03 APA citation
\c@BibCnt=\count123
\bibleftmargin=\skip72
\bibindent=\skip73
\bibparsep=\skip74
\bibitemsep=\skip75
\biblabelsep=\skip76
) (/usr/local/texlive/2017/texmf-dist/tex/latex/doi/doi.sty
Package: doi 2007/07/24 handle doi numbers
)
(/usr/local/texlive/2017/texmf-dist/tex/latex/ltablex/ltablex.sty
Package: ltablex 2014/08/13 v1.1 Modified tabularx

(/usr/local/texlive/2017/texmf-dist/tex/latex/tools/longtable.sty
Package: longtable 2014/10/28 v4.11 Multi-page Table package (DPC)
\LTleft=\skip77
\LTright=\skip78
\LTpre=\skip79
\LTpost=\skip80
\LTchunksize=\count124
\LTcapwidth=\dimen143
\LT@head=\box32
\LT@firsthead=\box33
\LT@foot=\box34
\LT@lastfoot=\box35
\LT@cols=\count125
\LT@rows=\count126
\c@LT@tables=\count127
\c@LT@chunks=\count128
\LT@p@ftn=\toks31
)
(/usr/local/texlive/2017/texmf-dist/tex/latex/tools/tabularx.sty
Package: tabularx 2016/02/03 v2.11 `tabularx' package (DPC)

(/usr/local/texlive/2017/texmf-dist/tex/latex/tools/array.sty
Package: array 2016/10/06 v2.4d Tabular extension package (FMi)
\col@sep=\dimen144
\extrarowheight=\dimen145
\NC@list=\toks32
\extratabsurround=\skip81
\backup@length=\skip82
)
\TX@col@width=\dimen146
\TX@old@table=\dimen147
\TX@old@col=\dimen148
\TX@target=\dimen149
\TX@delta=\dimen150
\TX@cols=\count129
\TX@ftn=\toks33
))
(/usr/local/texlive/2017/texmf-dist/tex/latex/enumitem/enumitem.sty
Package: enumitem 2011/09/28 v3.5.2 Customized lists
\labelindent=\skip83
\enit@outerparindent=\dimen151
\enit@toks=\toks34
\enit@inbox=\box36
\enitdp@description=\count130
)
(/usr/local/texlive/2017/texmf-dist/tex/latex/psnfss/pifont.sty
Package: pifont 2005/04/12 PSNFSS-v9.2a Pi font support (SPQR) 
LaTeX Font Info:    Try loading font information for U+pzd on input line 63.

(/usr/local/texlive/2017/texmf-dist/tex/latex/psnfss/upzd.fd
File: upzd.fd 2001/06/04 font definitions for U/pzd.
)
LaTeX Font Info:    Try loading font information for U+psy on input line 64.

(/usr/local/texlive/2017/texmf-dist/tex/latex/psnfss/upsy.fd
File: upsy.fd 2001/06/04 font definitions for U/psy.
))
\c@definition=\count131
\c@property=\count132
\c@claim=\count133
\c@lemma=\count134
\c@proposition=\count135
\c@theorem=\count136
\c@corollary=\count137
\c@pf=\count138
\c@example=\count139
\c@remark=\count140
 (./Thesis.aux

LaTeX Warning: Label `tab:university_structure' multiply defined.


LaTeX Warning: Label `sec:incremental_model' multiply defined.


LaTeX Warning: Label `sec:incremental_model' multiply defined.


LaTeX Warning: Label `sec:problem_categories' multiply defined.


LaTeX Warning: Label `sec:requirements' multiply defined.


LaTeX Warning: Label `sec:user_description' multiply defined.


LaTeX Warning: Label `sec:user_description' multiply defined.


LaTeX Warning: Label `fig:components_diagram_picture' multiply defined.


LaTeX Warning: Label `tab:university_structure' multiply defined.

)
\openout1 = `Thesis.aux'.

LaTeX Font Info:    Checking defaults for OML/cmm/m/it on input line 97.
LaTeX Font Info:    ... okay on input line 97.
LaTeX Font Info:    Checking defaults for T1/cmr/m/n on input line 97.
LaTeX Font Info:    ... okay on input line 97.
LaTeX Font Info:    Checking defaults for OT1/cmr/m/n on input line 97.
LaTeX Font Info:    ... okay on input line 97.
LaTeX Font Info:    Checking defaults for OMS/cmsy/m/n on input line 97.
LaTeX Font Info:    ... okay on input line 97.
LaTeX Font Info:    Checking defaults for OMX/cmex/m/n on input line 97.
LaTeX Font Info:    ... okay on input line 97.
LaTeX Font Info:    Checking defaults for U/cmr/m/n on input line 97.
LaTeX Font Info:    ... okay on input line 97.
LaTeX Font Info:    Checking defaults for PD1/pdf/m/n on input line 97.
LaTeX Font Info:    ... okay on input line 97.
LaTeX Font Info:    Try loading font information for T1+ptm on input line 97.
 (/usr/local/texlive/2017/texmf-dist/tex/latex/psnfss/t1ptm.fd
File: t1ptm.fd 2001/06/04 font definitions for T1/ptm.
)
LaTeX Font Info:    Try loading font information for U+msa on input line 97.

(/usr/local/texlive/2017/texmf-dist/tex/latex/amsfonts/umsa.fd
File: umsa.fd 2013/01/14 v3.01 AMS symbols A
)
LaTeX Font Info:    Try loading font information for U+msb on input line 97.

(/usr/local/texlive/2017/texmf-dist/tex/latex/amsfonts/umsb.fd
File: umsb.fd 2013/01/14 v3.01 AMS symbols B
)
Package caption Info: Begin \AtBeginDocument code.
Package caption Info: float package is loaded.
Package caption Info: hyperref package is loaded.
Package caption Info: longtable package is loaded.

(/usr/local/texlive/2017/texmf-dist/tex/latex/caption/ltcaption.sty
Package: ltcaption 2013/06/09 v1.4-94 longtable captions (AR)
)
Package caption Info: subfigure package is loaded.
Package caption Info: End \AtBeginDocument code.

(/usr/local/texlive/2017/texmf-dist/tex/context/base/mkii/supp-pdf.mkii
[Loading MPS to PDF converter (version 2006.09.02).]
\scratchcounter=\count141
\scratchdimen=\dimen152
\scratchbox=\box37
\nofMPsegments=\count142
\nofMParguments=\count143
\everyMPshowfont=\toks35
\MPscratchCnt=\count144
\MPscratchDim=\dimen153
\MPnumerator=\count145
\makeMPintoPDFobject=\count146
\everyMPtoPDFconversion=\toks36
) (/usr/local/texlive/2017/texmf-dist/tex/latex/oberdiek/epstopdf-base.sty
Package: epstopdf-base 2016/05/15 v2.6 Base part for package epstopdf

(/usr/local/texlive/2017/texmf-dist/tex/latex/oberdiek/grfext.sty
Package: grfext 2016/05/16 v1.2 Manage graphics extensions (HO)
)
Package epstopdf-base Info: Redefining graphics rule for `.eps' on input line 4
38.
Package grfext Info: Graphics extension search list:
(grfext)             [.png,.pdf,.jpg,.mps,.jpeg,.jbig2,.jb2,.PNG,.PDF,.JPG,.JPE
G,.JBIG2,.JB2,.eps]
(grfext)             \AppendGraphicsExtensions on input line 456.

(/usr/local/texlive/2017/texmf-dist/tex/latex/latexconfig/epstopdf-sys.cfg
File: epstopdf-sys.cfg 2010/07/13 v1.3 Configuration of (r)epstopdf for TeX Liv
e
))
\AtBeginShipoutBox=\box38
Package hyperref Info: Link coloring OFF on input line 97.

(/usr/local/texlive/2017/texmf-dist/tex/latex/hyperref/nameref.sty
Package: nameref 2016/05/21 v2.44 Cross-referencing by name of section

(/usr/local/texlive/2017/texmf-dist/tex/generic/oberdiek/gettitlestring.sty
Package: gettitlestring 2016/05/16 v1.5 Cleanup title references (HO)
)
\c@section@level=\count147
)
LaTeX Info: Redefining \ref on input line 97.
LaTeX Info: Redefining \pageref on input line 97.
LaTeX Info: Redefining \nameref on input line 97.

(./Thesis.out) (./Thesis.out)
\@outlinefile=\write3
\openout3 = `Thesis.out'.

\c@maskedRefs=\count148

(/usr/local/texlive/2017/texmf-dist/tex/latex/apacite/english.apc
File: english.apc 2013/07/21 v6.03 apacite language file
LaTeX Info: Redefining \BPBI on input line 129.
LaTeX Info: Redefining \BHBI on input line 130.
)
<./figures/LogoUC.pdf, id=180, 122.77026pt x 161.83778pt>
File: ./figures/LogoUC.pdf Graphic file (type pdf)

<use ./figures/LogoUC.pdf>
Package pdftex.def Info: ./figures/LogoUC.pdf used on input line 136.
(pdftex.def)             Requested size: 65.44133pt x 86.26749pt.

Overfull \hbox (42.67912pt too wide) in paragraph at lines 136--136
| [] 
 []

LaTeX Font Info:    Font shape `T1/ptm/bx/n' in size <12> not available
(Font)              Font shape `T1/ptm/b/n' tried instead on input line 136.
LaTeX Font Info:    Font shape `T1/ptm/bx/n' in size <17.28> not available
(Font)              Font shape `T1/ptm/b/n' tried instead on input line 136.

Overfull \hbox (40.67912pt too wide) in paragraph at lines 136--136
[] [] 
 []

LaTeX Font Info:    Font shape `T1/ptm/bx/n' in size <14.4> not available
(Font)              Font shape `T1/ptm/b/n' tried instead on input line 136.

Overfull \hbox (40.67912pt too wide) in paragraph at lines 136--136
[] [] 
 []


Overfull \hbox (10.66197pt too wide) in paragraph at lines 136--136
[] [] 
 []


Overfull \hbox (10.66197pt too wide) in paragraph at lines 136--136
[] [] 
 []


Overfull \hbox (10.66197pt too wide) in paragraph at lines 136--136
[] [] 
 []

[1

{/usr/local/texlive/2017/texmf-var/fonts/map/pdftex/updmap/pdftex.map} <./figur
es/LogoUC.pdf>]
File: ./figures/LogoUC.pdf Graphic file (type pdf)
 <use ./figures/LogoUC.pdf>
Package pdftex.def Info: ./figures/LogoUC.pdf used on input line 136.
(pdftex.def)             Requested size: 65.44133pt x 86.26749pt.

Overfull \hbox (42.67912pt too wide) in paragraph at lines 136--136
| [] 
 []


Overfull \hbox (40.67912pt too wide) in paragraph at lines 136--136
[] [] 
 []


Overfull \hbox (40.67912pt too wide) in paragraph at lines 136--136
[] [] 
 []


Overfull \hbox (10.66197pt too wide) in paragraph at lines 136--136
[] [] 
 []


Overfull \hbox (10.66197pt too wide) in paragraph at lines 136--136
[] [] 
 []


Overfull \hbox (10.66197pt too wide) in paragraph at lines 136--136
[] [] 
 []

[2



] [3



]
AGRADECIMIENTOS
(./chapters/acknowledgments.tex) [4



]
\'INDICE DE CONTENIDOS
(./Thesis.toc [5




])
\tf@toc=\write4
\openout4 = `Thesis.toc'.

 [6]
\'INDICE DE FIGURAS
(./Thesis.lof [7


])
\tf@lof=\write5
\openout5 = `Thesis.lof'.

 [8]
\'INDICE DE TABLAS
(./Thesis.lot)
\tf@lot=\write6
\openout6 = `Thesis.lot'.

 [9


]
ABSTRACT
(./chapters/abstract.tex) [10




]
RESUMEN
(./chapters/resumen.tex) [11




]
 1

Underfull \hbox (badness 10000) in paragraph at lines 197--197

 []

(./chapters/chapter1.tex
Underfull \vbox (badness 10000) has occurred while \output is active []

 [1




]
Underfull \vbox (badness 10000) has occurred while \output is active []

 [2]
Underfull \vbox (badness 10000) has occurred while \output is active []

 [3]
Overfull \hbox (5.42699pt too wide) in paragraph at lines 61--62
[]\T1/ptm/m/n/12 El es-quema an-te-rior per-mite rep-re-sen-tar las unidades ac
adémi-cas ex-is-tentes y la relación
 []


Underfull \vbox (badness 10000) detected at line 108
 []

[4]
Underfull \vbox (badness 10000) has occurred while \output is active []

 [5]
Overfull \hbox (47.26036pt too wide) in paragraph at lines 134--134
[]|\T1/ptm/m/n/10 Fuente: http://admisionyregistros.uc.cl/alumnos/cursos/credit
os-
 []

[6] [7] <./figures/model_t.png, id=412, 667.49374pt x 831.105pt>
File: ./figures/model_t.png Graphic file (type png)

<use ./figures/model_t.png>
Package pdftex.def Info: ./figures/model_t.png used on input line 158.
(pdftex.def)             Requested size: 214.67603pt x 267.2906pt.

Underfull \vbox (badness 10000) has occurred while \output is active []

 [8 <./figures/model_t.png>]
Underfull \vbox (badness 10000) detected at line 185
 []

<./figures/malla_curricular.png, id=429, 2567.5925pt x 2297.58376pt>
File: ./figures/malla_curricular.png Graphic file (type png)

<use ./figures/malla_curricular.png>
Package pdftex.def Info: ./figures/malla_curricular.png used on input line 191.

(pdftex.def)             Requested size: 300.54514pt x 268.93192pt.

Underfull \vbox (badness 5490) has occurred while \output is active []

 [9]
Underfull \vbox (badness 10000) has occurred while \output is active []

 [10 <./figures/malla_curricular.png>]
Overfull \hbox (25.43948pt too wide) in paragraph at lines 222--223
[]\T1/ptm/m/n/12 Registro de las declara-ciones de Ma-jor re-al-izadas por alum
-nos por pe-ri-odo académico. 
 []

) [11]
 2

Underfull \hbox (badness 10000) in paragraph at lines 200--200

 []

(./chapters/chapter2.tex
Underfull \vbox (badness 10000) has occurred while \output is active []

 [12


]
<./figures/chapter_02/01_cascade_phases.png, id=471, 504.88625pt x 408.52625pt>
File: ./figures/chapter_02/01_cascade_phases.png Graphic file (type png)
<use ./figures/chapter_02/01_cascade_phases.png>
Package pdftex.def Info: ./figures/chapter_02/01_cascade_phases.png used on inp
ut line 25.
(pdftex.def)             Requested size: 214.67603pt x 173.7055pt.

Underfull \vbox (badness 10000) has occurred while \output is active []

 [13 <./figures/chapter_02/01_cascade_phases.png>]
<./figures/chapter_02/02_example_of_incremental_lyfe_cicle.png, id=481, 1370.11
874pt x 524.96124pt>
File: ./figures/chapter_02/02_example_of_incremental_lyfe_cicle.png Graphic fil
e (type png)

<use ./figures/chapter_02/02_example_of_incremental_lyfe_cicle.png>
Package pdftex.def Info: ./figures/chapter_02/02_example_of_incremental_lyfe_ci
cle.png used on input line 54.
(pdftex.def)             Requested size: 429.35207pt x 164.50656pt.

Underfull \vbox (badness 10000) has occurred while \output is active []

 [14 <./figures/chapter_02/02_example_of_incremental_lyfe_cicle.png>]
<./figures/chapter_02/03_succession_of_increments.png, id=502, 1192.455pt x 462
.72874pt>
File: ./figures/chapter_02/03_succession_of_increments.png Graphic file (type p
ng)
 <use ./figures/chapter_02/03_succession_of_increments.png>
Package pdftex.def Info: ./figures/chapter_02/03_succession_of_increments.png u
sed on input line 80.
(pdftex.def)             Requested size: 429.35207pt x 166.61046pt.

Underfull \vbox (badness 10000) has occurred while \output is active []

 [15]
Underfull \vbox (badness 10000) has occurred while \output is active []

 [16 <./figures/chapter_02/03_succession_of_increments.png>]
Overfull \hbox (19.9434pt too wide) in paragraph at lines 123--124
[]\T1/ptm/m/n/12 Los stake-hold-ers (ad-min-istradores, de-sar-rol-ladores,
 []


Underfull \vbox (badness 10000) has occurred while \output is active []

 [17]
LaTeX Font Info:    Font shape `T1/ptm/bx/it' in size <12> not available
(Font)              Font shape `T1/ptm/b/it' tried instead on input line 126.

Overfull \hbox (3.8996pt too wide) in paragraph at lines 126--127
[]\T1/ptm/m/n/12 Esta fase fi-nal está car-ac-ter-i-zada nue-
 []


<./figures/chapter_02/04_agile_development_life_cycle.png, id=550, 1165.35374pt
 x 625.33624pt>
File: ./figures/chapter_02/04_agile_development_life_cycle.png Graphic file (ty
pe png)
 <use ./figures/chapter_02/04_agile_development_life_cycle.png>
Package pdftex.def Info: ./figures/chapter_02/04_agile_development_life_cycle.p
ng used on input line 133.
(pdftex.def)             Requested size: 364.95187pt x 195.8274pt.

Underfull \vbox (badness 10000) has occurred while \output is active []

 [18 <./figures/chapter_02/04_agile_development_life_cycle.png>]
<./figures/chapter_02/05_agile_methodologies_used.png, id=562, 1029.8475pt x 52
9.98pt>
File: ./figures/chapter_02/05_agile_methodologies_used.png Graphic file (type p
ng)
 <use ./figures/chapter_02/05_agile_methodologies_used.png>
Package pdftex.def Info: ./figures/chapter_02/05_agile_methodologies_used.png u
sed on input line 148.
(pdftex.def)             Requested size: 364.95187pt x 187.8086pt.

Underfull \vbox (badness 10000) has occurred while \output is active []

 [19 <./figures/chapter_02/05_agile_methodologies_used.png>]
<./figures/chapter_02/06_scrum.png, id=579, 1027.84pt x 770.88pt>
File: ./figures/chapter_02/06_scrum.png Graphic file (type png)

<use ./figures/chapter_02/06_scrum.png>
Package pdftex.def Info: ./figures/chapter_02/06_scrum.png used on input line 1
63.
(pdftex.def)             Requested size: 364.95187pt x 273.71725pt.

<./figures/chapter_02/07_scrum_framework.jpg, id=584, 5018.75pt x 2919.90875pt>
File: ./figures/chapter_02/07_scrum_framework.jpg Graphic file (type jpg)
<use ./figures/chapter_02/07_scrum_framework.jpg>
Package pdftex.def Info: ./figures/chapter_02/07_scrum_framework.jpg used on in
put line 172.
(pdftex.def)             Requested size: 429.35207pt x 249.77063pt.

Underfull \vbox (badness 10000) has occurred while \output is active []

 [20 <./figures/chapter_02/06_scrum.png>]
Underfull \vbox (badness 10000) has occurred while \output is active []

 [21 <./figures/chapter_02/07_scrum_framework.jpg>]
Overfull \hbox (14.30885pt too wide) in paragraph at lines 191--192
   [] \T1/ptm/m/n/12 Es una lista or-de-nada de to-das las necesi-dades del pro
-ducto/proyecto
 []


Underfull \vbox (badness 10000) has occurred while \output is active []

 [22]
Overfull \hbox (21.14862pt too wide) in paragraph at lines 206--208
\T1/ptm/m/n/12 los miem-bros del equipo de de-sar-rollo iden-ti-f-i-can los log
ros obtenidos
 []


Underfull \vbox (badness 10000) has occurred while \output is active []

 [23]
Overfull \hbox (2.59325pt too wide) in paragraph at lines 209--210
[]\T1/ptm/m/n/12 Se ex-pli-can en de-talle los prob-le-mas ocur-ri-dos y cómo f
ueron
 []


Underfull \vbox (badness 10000) has occurred while \output is active []

 [24]
Underfull \vbox (badness 10000) has occurred while \output is active []

 [25]
<./figures/chapter_02/08_extreme_programming_project.png, id=650, 660.4675pt x 
207.77625pt>
File: ./figures/chapter_02/08_extreme_programming_project.png Graphic file (typ
e png)
 <use ./figures/chapter_02/08_extreme_programming_project.png>
Package pdftex.def Info: ./figures/chapter_02/08_extreme_programming_project.pn
g used on input line 252.
(pdftex.def)             Requested size: 429.35207pt x 135.07513pt.

Underfull \vbox (badness 10000) has occurred while \output is active []

 [26 <./figures/chapter_02/08_extreme_programming_project.png>]
Underfull \vbox (badness 10000) has occurred while \output is active []

 [27]
Underfull \vbox (badness 10000) has occurred while \output is active []

 [28]
<./figures/chapter_02/09_cockburnstyle_use_cases.png, id=704, 803.0pt x 401.5pt
>
File: ./figures/chapter_02/09_cockburnstyle_use_cases.png Graphic file (type pn
g)
 <use ./figures/chapter_02/09_cockburnstyle_use_cases.png>
Package pdftex.def Info: ./figures/chapter_02/09_cockburnstyle_use_cases.png us
ed on input line 309.
(pdftex.def)             Requested size: 429.35207pt x 214.68091pt.

Underfull \vbox (badness 10000) has occurred while \output is active []

 [29]
Underfull \vbox (badness 10000) has occurred while \output is active []

 [30 <./figures/chapter_02/09_cockburnstyle_use_cases.png>]
<./figures/chapter_02/10_use_case_template_one_column_version.png, id=738, 1153
.30875pt x 1024.82875pt>
File: ./figures/chapter_02/10_use_case_template_one_column_version.png Graphic 
file (type png)

<use ./figures/chapter_02/10_use_case_template_one_column_version.png>
Package pdftex.def Info: ./figures/chapter_02/10_use_case_template_one_column_v
ersion.png used on input line 332.
(pdftex.def)             Requested size: 343.48296pt x 305.21481pt.

Underfull \vbox (badness 10000) has occurred while \output is active []

 [31 <./figures/chapter_02/10_use_case_template_one_column_version.png>]
<./figures/chapter_02/11_use_case_view.png, id=754, 539.01375pt x 429.605pt>
File: ./figures/chapter_02/11_use_case_view.png Graphic file (type png)

<use ./figures/chapter_02/11_use_case_view.png>
Package pdftex.def Info: ./figures/chapter_02/11_use_case_view.png used on inpu
t line 343.
(pdftex.def)             Requested size: 343.48296pt x 273.76631pt.

Underfull \vbox (badness 10000) has occurred while \output is active []

 [32 <./figures/chapter_02/11_use_case_view.png>]
<./figures/chapter_02/12_yodiz_user_story_card.jpg, id=771, 699.61375pt x 361.3
5pt>
File: ./figures/chapter_02/12_yodiz_user_story_card.jpg Graphic file (type jpg)

 <use ./figures/chapter_02/12_yodiz_user_story_card.jpg>
Package pdftex.def Info: ./figures/chapter_02/12_yodiz_user_story_card.jpg used
 on input line 369.
(pdftex.def)             Requested size: 429.35207pt x 221.76302pt.

Underfull \vbox (badness 10000) has occurred while \output is active []

 [33]
Underfull \vbox (badness 10000) has occurred while \output is active []

 [34 <./figures/chapter_02/12_yodiz_user_story_card.jpg>]
Underfull \vbox (badness 10000) has occurred while \output is active []

 [35]
Overfull \hbox (1.02577pt too wide) in paragraph at lines 400--401
[]\T1/ptm/m/n/12 Fayyad [][]Mouhib Al-noukari[], []2012[]) en 1996 de-fine tér-
mino Knowl-edge Dis-cov-ery como
 []


<./figures/chapter_02/13_kdd_process_model.png, id=817, 1442.38875pt x 546.04pt
>
File: ./figures/chapter_02/13_kdd_process_model.png Graphic file (type png)
 <use ./figures/chapter_02/13_kdd_process_model.png>
Package pdftex.def Info: ./figures/chapter_02/13_kdd_process_model.png used on 
input line 410.
(pdftex.def)             Requested size: 429.35207pt x 162.53848pt.

Underfull \vbox (badness 10000) has occurred while \output is active []

 [36]
Underfull \vbox (badness 10000) detected at line 449
 []

[37 <./figures/chapter_02/13_kdd_process_model.png>] [38]
<./figures/chapter_02/14_crips_dm_hierarchical_process_model.png, id=847, 1148.
29pt x 603.25375pt>
File: ./figures/chapter_02/14_crips_dm_hierarchical_process_model.png Graphic f
ile (type png)

<use ./figures/chapter_02/14_crips_dm_hierarchical_process_model.png>
Package pdftex.def Info: ./figures/chapter_02/14_crips_dm_hierarchical_process_
model.png used on input line 458.
(pdftex.def)             Requested size: 429.35207pt x 225.55684pt.

<./figures/chapter_02/15_crips_dm_phases.png, id=853, 808.01875pt x 763.85374pt
>
File: ./figures/chapter_02/15_crips_dm_phases.png Graphic file (type png)
 <use ./figures/chapter_02/15_crips_dm_phases.png>
Package pdftex.def Info: ./figures/chapter_02/15_crips_dm_phases.png used on in
put line 469.
(pdftex.def)             Requested size: 257.61385pt x 243.52905pt.

Underfull \vbox (badness 10000) has occurred while \output is active []

 [39 <./figures/chapter_02/14_crips_dm_hierarchical_process_model.png>]
Overfull \hbox (13.12727pt too wide) in paragraph at lines 481--482
[]\T1/ptm/b/it/12 Data Prepa-ra-tion\T1/ptm/b/n/12 : \T1/ptm/m/n/12 Cor-re-spon
-den a to-das las ac-tivi-dades nece-sarias para la creación
 []


Underfull \vbox (badness 10000) has occurred while \output is active []

 [40 <./figures/chapter_02/15_crips_dm_phases.png>]
Overfull \hbox (4.2875pt too wide) in paragraph at lines 489--490
[]\T1/ptm/m/n/12 Este mod-elo se car-ac-ter-iza por la in-cor-po-ración de el-e
-men-tos pre-sentes en metodologías
 []


<./figures/chapter_02/16_asm_dm_process_model_phases.png, id=877, 962.59625pt x
 914.41624pt>
File: ./figures/chapter_02/16_asm_dm_process_model_phases.png Graphic file (typ
e png)
 <use ./figures/chapter_02/16_asm_dm_process_model_phases.png>
Package pdftex.def Info: ./figures/chapter_02/16_asm_dm_process_model_phases.pn
g used on input line 495.
(pdftex.def)             Requested size: 257.61385pt x 244.71904pt.

Underfull \vbox (badness 10000) has occurred while \output is active []

 [41])
Underfull \vbox (badness 10000) has occurred while \output is active []

 [42 <./figures/chapter_02/16_asm_dm_process_model_phases.png>] [43]
 3

Underfull \hbox (badness 10000) in paragraph at lines 203--203

 []

(./chapters/chapter3.tex
Underfull \vbox (badness 10000) has occurred while \output is active []

 [44


]
Overfull \hbox (17.27155pt too wide) in paragraph at lines 25--26
[]\T1/ptm/m/n/12 Los ob-je-tivos plantea-dos son re-spon-di-dos me-di-ante 3 gr
andes sub-sis-temas: una plataforma
 []

<./figures/chapter_03/01_objetivos.png, id=911, 722.7pt x 542.025pt>
File: ./figures/chapter_03/01_objetivos.png Graphic file (type png)

<use ./figures/chapter_03/01_objetivos.png>
Package pdftex.def Info: ./figures/chapter_03/01_objetivos.png used on input li
ne 29.
(pdftex.def)             Requested size: 343.48296pt x 257.61342pt.

Underfull \vbox (badness 10000) has occurred while \output is active []

 [45]
Underfull \vbox (badness 10000) has occurred while \output is active []

 [46 <./figures/chapter_03/01_objetivos.png>]
Underfull \vbox (badness 10000) has occurred while \output is active []

 [47]
Underfull \vbox (badness 10000) has occurred while \output is active []

 [48]
Underfull \vbox (badness 10000) has occurred while \output is active []

 [49]
Underfull \vbox (badness 10000) has occurred while \output is active []

 [50]
Underfull \vbox (badness 10000) has occurred while \output is active []

 [51]
Underfull \vbox (badness 10000) has occurred while \output is active []

 [52]
Underfull \vbox (badness 10000) has occurred while \output is active []

 [53]
Underfull \vbox (badness 10000) has occurred while \output is active []

 [54]
Underfull \vbox (badness 10000) has occurred while \output is active []

 [55]
Underfull \vbox (badness 10000) has occurred while \output is active []

 [56]
Underfull \vbox (badness 10000) has occurred while \output is active []

 [57]
Underfull \vbox (badness 10000) has occurred while \output is active []

 [58]
Overfull \hbox (31.51924pt too wide) in paragraph at lines 316--317
[]\T1/ptm/b/n/12 Descripción: \T1/ptm/m/n/12 Como un Anal-ista de-seo poder in-
for-ma-ción histórica de rendimiento
 []


Underfull \vbox (badness 10000) has occurred while \output is active []

 [59]
Underfull \vbox (badness 10000) has occurred while \output is active []

 [60]
Underfull \vbox (badness 10000) has occurred while \output is active []

 [61]
Underfull \vbox (badness 10000) has occurred while \output is active []

 [62]
Underfull \vbox (badness 10000) has occurred while \output is active []

 [63]
Overfull \hbox (3.0035pt too wide) in paragraph at lines 447--448
[]\T1/ptm/m/n/12 Dado que se-lec-cioné tipo de eval-u-ación de-par-ta-mento, el
 sis-tema carga
 []


Underfull \vbox (badness 10000) has occurred while \output is active []

 [64]
Underfull \vbox (badness 10000) has occurred while \output is active []

 [65]
Overfull \hbox (8.02391pt too wide) in paragraph at lines 484--485
[]\T1/ptm/b/n/12 Descripción: \T1/ptm/m/n/12 Como un Ad-min-istrador poder re-a
lizar un nuevo en-tre-namiento
 []


Overfull \hbox (2.89981pt too wide) in paragraph at lines 484--485
\T1/ptm/m/n/12 a un curso en par-tic-u-lar definiendo el por-centaje para el se
t de en-tre-namiento,
 []


Underfull \vbox (badness 10000) has occurred while \output is active []

 [66]
Underfull \vbox (badness 10000) has occurred while \output is active []

 [67]
Underfull \vbox (badness 10000) has occurred while \output is active []

 [68]
Overfull \hbox (41.58217pt too wide) in paragraph at lines 578--579
\T1/ptm/m/n/12 tiene la op-ción de vis-i-tar de-talles, cam-biar su es-tado (ha
-bil-i-tado/deshabilitado).
 []


Underfull \vbox (badness 10000) has occurred while \output is active []

 [69]
Overfull \hbox (41.58217pt too wide) in paragraph at lines 587--588
\T1/ptm/m/n/12 tiene la op-ción de vis-i-tar de-talles, cam-biar su es-tado (ha
-bil-i-tado/deshabilitado).
 []


Overfull \hbox (41.58217pt too wide) in paragraph at lines 596--597
\T1/ptm/m/n/12 tiene la op-ción de vis-i-tar de-talles, cam-biar su es-tado (ha
-bil-i-tado/deshabilitado).
 []


Underfull \vbox (badness 10000) has occurred while \output is active []

 [70]
Overfull \hbox (17.51505pt too wide) in paragraph at lines 626--627
[]\T1/ptm/b/n/12 Descripción: \T1/ptm/m/n/12 Como un Anal-ista de-seo poder vi-
su-alizar la in-for-ma-ción histórica
 []


Underfull \vbox (badness 10000) has occurred while \output is active []

 [71]
<./figures/chapter_03/02_diagrama_de_contexto.png, id=1349, 940.51375pt x 941.5
175pt>
File: ./figures/chapter_03/02_diagrama_de_contexto.png Graphic file (type png)
 <use ./figures/chapter_03/02_diagrama_de_contexto.png>
Package pdftex.def Info: ./figures/chapter_03/02_diagrama_de_contexto.png used 
on input line 662.
(pdftex.def)             Requested size: 407.88315pt x 408.3213pt.

Underfull \vbox (badness 10000) has occurred while \output is active []

 [72]
<./figures/chapter_03/03_diagrama_de_componentes.png, id=1363, 946.53625pt x 12
22.5675pt>
File: ./figures/chapter_03/03_diagrama_de_componentes.png Graphic file (type pn
g)
 <use ./figures/chapter_03/03_diagrama_de_componentes.png>
Package pdftex.def Info: ./figures/chapter_03/03_diagrama_de_componentes.png us
ed on input line 674.
(pdftex.def)             Requested size: 386.41423pt x 499.09196pt.

Underfull \vbox (badness 10000) has occurred while \output is active []

 [73 <./figures/chapter_03/02_diagrama_de_contexto.png>]
Underfull \vbox (badness 10000) has occurred while \output is active []

 [74 <./figures/chapter_03/03_diagrama_de_componentes.png>]
<./figures/chapter_03/04_modelo_de_datos.png, id=1375, 2377.88374pt x 1935.23pt
>
File: ./figures/chapter_03/04_modelo_de_datos.png Graphic file (type png)
 <use ./figures/chapter_03/04_modelo_de_datos.png>
Package pdftex.def Info: ./figures/chapter_03/04_modelo_de_datos.png used on in
put line 692.
(pdftex.def)             Requested size: 407.88315pt x 331.93767pt.

Underfull \vbox (badness 10000) has occurred while \output is active []

 [75 <./figures/chapter_03/04_modelo_de_datos.png>]
Overfull \hbox (14.69884pt too wide) in paragraph at lines 702--703
\T1/ptm/m/n/12 y Cours-eR-e-stric-cions per-miten rep-re-sen-tar las rela-cione
s en-tre la PUC, sus unidades
 []


Underfull \vbox (badness 10000) has occurred while \output is active []

 [76]
Underfull \vbox (badness 10000) detected at line 742
 []


Underfull \vbox (badness 10000) has occurred while \output is active []

 [77])
[78]
 4

Underfull \hbox (badness 10000) in paragraph at lines 206--206

 []

(./chapters/conclusions.tex) [79


] (./Thesis.bbl
REFERENCES
LaTeX Font Info:    Try loading font information for T1+pcr on input line 17.
(/usr/local/texlive/2017/texmf-dist/tex/latex/psnfss/t1pcr.fd
File: t1pcr.fd 2001/06/04 font definitions for T1/pcr.
)
Underfull \vbox (badness 10000) has occurred while \output is active []

 [80




]
Underfull \vbox (badness 10000) has occurred while \output is active []

 [81])
[82]
ANEXO
[83


] (./chapters/appendix1.tex
Overfull \hbox (26.78307pt too wide) in paragraph at lines 2--3
\T1/ptm/m/n/12 tamiento. Mejora los as-pec-tos non fun-cionales del \T1/ptm/m/i
t/12 soft-ware\T1/ptm/m/n/12 , por ejem-plo, rendimiento. 
 []


Underfull \vbox (badness 10000) has occurred while \output is active []

 [84])
[85] (./chapters/appendix2.tex)
Package atveryend Info: Empty hook `BeforeClearDocument' on input line 233.
 [86]
Package atveryend Info: Empty hook `AfterLastShipout' on input line 233.
 (./Thesis.aux)
Package atveryend Info: Executing hook `AtVeryEndDocument' on input line 233.
Package atveryend Info: Executing hook `AtEndAfterFileList' on input line 233.
Package rerunfilecheck Info: File `Thesis.out' has not changed.
(rerunfilecheck)             Checksum: B8B9FA22A7B3051A2F6DFF66A0ABB42D;3431.


LaTeX Warning: There were multiply-defined labels.

 ) 
Here is how much of TeX's memory you used:
 11021 strings out of 492995
 156918 string characters out of 6132704
 272204 words of memory out of 5000000
 13472 multiletter control sequences out of 15000+600000
 36884 words of font info for 65 fonts, out of 8000000 for 9000
 1302 hyphenation exceptions out of 8191
 43i,12n,55p,1401b,759s stack positions out of 5000i,500n,10000p,200000b,80000s
{/usr/local/texlive/2017/texmf-dist/fonts/enc/dvips/base/8r.enc}</usr/local/t
exlive/2017/texmf-dist/fonts/type1/public/amsfonts/cm/cmmi12.pfb></usr/local/te
xlive/2017/texmf-dist/fonts/type1/public/amsfonts/cm/cmr12.pfb></usr/local/texl
ive/2017/texmf-dist/fonts/type1/urw/courier/ucrr8a.pfb></usr/local/texlive/2017
/texmf-dist/fonts/type1/urw/times/utmb8a.pfb></usr/local/texlive/2017/texmf-dis
t/fonts/type1/urw/times/utmbi8a.pfb></usr/local/texlive/2017/texmf-dist/fonts/t
ype1/urw/times/utmr8a.pfb></usr/local/texlive/2017/texmf-dist/fonts/type1/urw/t
imes/utmri8a.pfb>
Output written on Thesis.pdf (97 pages, 4910477 bytes).
PDF statistics:
 1668 PDF objects out of 1728 (max. 8388607)
 1468 compressed objects within 15 object streams
 698 named destinations out of 1000 (max. 500000)
 480 words of extra memory for PDF output out of 10000 (max. 10000000)

