\BOOKMARK [0][-]{chapter*.2}{AGRADECIMIENTOS}{}% 1
\BOOKMARK [0][-]{toc.0}{\315NDICE DE CONTENIDOS}{}% 2
\BOOKMARK [0][-]{section*.3}{\315NDICE DE FIGURAS}{}% 3
\BOOKMARK [0][-]{section*.4}{\315NDICE DE TABLAS}{}% 4
\BOOKMARK [0][-]{chapter*.6}{ABSTRACT}{}% 5
\BOOKMARK [0][-]{chapter*.8}{RESUMEN}{}% 6
\BOOKMARK [0][-]{chapter.1}{1. INTRODUCTION}{}% 7
\BOOKMARK [1][-]{section.1.1}{1.1. Motivaci\363n }{chapter.1}% 8
\BOOKMARK [1][-]{section.1.2}{1.2. Contexto }{chapter.1}% 9
\BOOKMARK [2][-]{subsection.1.2.1}{1.2.1. Estructura Interna de la Pontificia Universidad Cat\363lica de Chile }{section.1.2}% 10
\BOOKMARK [0][-]{chapter.2}{2. CHAPTER 1}{}% 11
\BOOKMARK [1][-]{section.2.1}{2.1. First Section }{chapter.2}% 12
\BOOKMARK [2][-]{subsection.2.1.1}{2.1.1. First SubSection }{section.2.1}% 13
\BOOKMARK [2][-]{subsection.2.1.2}{2.1.2. Second SubSection }{section.2.1}% 14
\BOOKMARK [1][-]{section.2.2}{2.2. Second Section }{chapter.2}% 15
\BOOKMARK [0][-]{chapter.3}{3. CHAPTER 2}{}% 16
\BOOKMARK [1][-]{section.3.1}{3.1. Figures and Tables }{chapter.3}% 17
\BOOKMARK [1][-]{section.3.2}{3.2. Equations }{chapter.3}% 18
\BOOKMARK [0][-]{chapter.4}{4. CONCLUSIONS}{}% 19
\BOOKMARK [0][-]{chapter*.11}{REFERENCES}{}% 20
\BOOKMARK [0][-]{appendix*.12}{ANEXO}{}% 21
\BOOKMARK [1][-]{section.Alph0.1}{A. First Appendix}{appendix*.12}% 22
\BOOKMARK [1][-]{section.Alph0.2}{B. An Interesting Short Story}{appendix*.12}% 23
